<?xml version="1.0" encoding="UTF-8"?>
<!-- Generated by org.testng.reporters.JUnitReportReporter -->
<testsuite hostname="ISHWS66" failures="0" tests="1" name="t1.Test1" time="10.139" errors="0" timestamp="02 May 2019 07:20:59 GMT" skipped="0">
  <testcase classname="t1.Test1" name="name" time="10.139"/>
</testsuite> <!-- t1.Test1 -->
